# JRE version: Java(TM) SE Runtime Environment (8.0_121-b13) (build 1.8.0_121-b13)
# Java VM: Java HotSpot(TM) 64-Bit Server VM (25.121-b13 mixed mode windows-amd64 compressed oops)
Heap:
 PSYoungGen      total 204288K, used 182202K [0x00000000d5580000, 0x00000000e3100000, 0x0000000100000000)
  eden space 188416K, 96% used [0x00000000d5580000,0x00000000e076ea40,0x00000000e0d80000)
  from space 15872K, 0% used [0x00000000e1e80000,0x00000000e1e80000,0x00000000e2e00000)
  to   space 17408K, 0% used [0x00000000e0d80000,0x00000000e0d80000,0x00000000e1e80000)
 ParOldGen       total 88576K, used 23627K [0x0000000080000000, 0x0000000085680000, 0x00000000d5580000)
  object space 88576K, 26% used [0x0000000080000000,0x0000000081712c98,0x0000000085680000)
 Metaspace       used 37099K, capacity 39180K, committed 39424K, reserved 1083392K
  class space    used 5198K, capacity 5584K, committed 5632K, reserved 1048576K
GC Heap History (10 events):
Event: 3.696 GC heap before
{Heap before GC invocations=6 (full 1):
 PSYoungGen      total 71680K, used 66560K [0x00000000d5580000, 0x00000000da080000, 0x0000000100000000)
  eden space 66560K, 100% used [0x00000000d5580000,0x00000000d9680000,0x00000000d9680000)
  from space 5120K, 0% used [0x00000000d9b80000,0x00000000d9b80000,0x00000000da080000)
  to   space 5120K, 0% used [0x00000000d9680000,0x00000000d9680000,0x00000000d9b80000)
 ParOldGen       total 51712K, used 5709K [0x0000000080000000, 0x0000000083280000, 0x00000000d5580000)
  object space 51712K, 11% used [0x0000000080000000,0x0000000080593418,0x0000000083280000)
 Metaspace       used 23067K, capacity 24066K, committed 24192K, reserved 1071104K
  class space    used 3183K, capacity 3418K, committed 3456K, reserved 1048576K
Event: 3.707 GC heap after
Heap after GC invocations=6 (full 1):
 PSYoungGen      total 71680K, used 5107K [0x00000000d5580000, 0x00000000dd800000, 0x0000000100000000)
  eden space 66560K, 0% used [0x00000000d5580000,0x00000000d5580000,0x00000000d9680000)
  from space 5120K, 99% used [0x00000000d9680000,0x00000000d9b7cf60,0x00000000d9b80000)
  to   space 9216K, 0% used [0x00000000dcf00000,0x00000000dcf00000,0x00000000dd800000)
 ParOldGen       total 51712K, used 6546K [0x0000000080000000, 0x0000000083280000, 0x00000000d5580000)
  object space 51712K, 12% used [0x0000000080000000,0x0000000080664b50,0x0000000083280000)
 Metaspace       used 23067K, capacity 24066K, committed 24192K, reserved 1071104K
  class space    used 3183K, capacity 3418K, committed 3456K, reserved 1048576K
}
Event: 4.654 GC heap before
{Heap before GC invocations=7 (full 1):
 PSYoungGen      total 71680K, used 71667K [0x00000000d5580000, 0x00000000dd800000, 0x0000000100000000)
  eden space 66560K, 100% used [0x00000000d5580000,0x00000000d9680000,0x00000000d9680000)
  from space 5120K, 99% used [0x00000000d9680000,0x00000000d9b7cf60,0x00000000d9b80000)
  to   space 9216K, 0% used [0x00000000dcf00000,0x00000000dcf00000,0x00000000dd800000)
 ParOldGen       total 51712K, used 6546K [0x0000000080000000, 0x0000000083280000, 0x00000000d5580000)
  object space 51712K, 12% used [0x0000000080000000,0x0000000080664b50,0x0000000083280000)
 Metaspace       used 26338K, capacity 27328K, committed 27520K, reserved 1073152K
  class space    used 3640K, capacity 3887K, committed 3968K, reserved 1048576K
Event: 4.670 GC heap after
Heap after GC invocations=7 (full 1):
 PSYoungGen      total 122368K, used 9184K [0x00000000d5580000, 0x00000000dd900000, 0x0000000100000000)
  eden space 113152K, 0% used [0x00000000d5580000,0x00000000d5580000,0x00000000dc400000)
  from space 9216K, 99% used [0x00000000dcf00000,0x00000000dd7f8028,0x00000000dd800000)
  to   space 10752K, 0% used [0x00000000dc400000,0x00000000dc400000,0x00000000dce80000)
 ParOldGen       total 51712K, used 7140K [0x0000000080000000, 0x0000000083280000, 0x00000000d5580000)
  object space 51712K, 13% used [0x0000000080000000,0x00000000806f90e0,0x0000000083280000)
 Metaspace       used 26338K, capacity 27328K, committed 27520K, reserved 1073152K
  class space    used 3640K, capacity 3887K, committed 3968K, reserved 1048576K
}
Event: 6.226 GC heap before
{Heap before GC invocations=8 (full 1):
 PSYoungGen      total 122368K, used 122336K [0x00000000d5580000, 0x00000000dd900000, 0x0000000100000000)
  eden space 113152K, 100% used [0x00000000d5580000,0x00000000dc400000,0x00000000dc400000)
  from space 9216K, 99% used [0x00000000dcf00000,0x00000000dd7f8028,0x00000000dd800000)
  to   space 10752K, 0% used [0x00000000dc400000,0x00000000dc400000,0x00000000dce80000)
 ParOldGen       total 51712K, used 7140K [0x0000000080000000, 0x0000000083280000, 0x00000000d5580000)
  object space 51712K, 13% used [0x0000000080000000,0x00000000806f90e0,0x0000000083280000)
 Metaspace       used 31204K, capacity 32784K, committed 32896K, reserved 1077248K
  class space    used 4324K, capacity 4629K, committed 4736K, reserved 1048576K
Event: 6.259 GC heap after
Heap after GC invocations=8 (full 1):
 PSYoungGen      total 123904K, used 10741K [0x00000000d5580000, 0x00000000e2e00000, 0x0000000100000000)
  eden space 113152K, 0% used [0x00000000d5580000,0x00000000d5580000,0x00000000dc400000)
  from space 10752K, 99% used [0x00000000dc400000,0x00000000dce7d710,0x00000000dce80000)
  to   space 15872K, 0% used [0x00000000e1e80000,0x00000000e1e80000,0x00000000e2e00000)
 ParOldGen       total 51712K, used 14924K [0x0000000080000000, 0x0000000083280000, 0x00000000d5580000)
  object space 51712K, 28% used [0x0000000080000000,0x0000000080e93240,0x0000000083280000)
 Metaspace       used 31204K, capacity 32784K, committed 32896K, reserved 1077248K
  class space    used 4324K, capacity 4629K, committed 4736K, reserved 1048576K
}
Event: 6.941 GC heap before
{Heap before GC invocations=9 (full 1):
 PSYoungGen      total 123904K, used 53256K [0x00000000d5580000, 0x00000000e2e00000, 0x0000000100000000)
  eden space 113152K, 37% used [0x00000000d5580000,0x00000000d7f04a40,0x00000000dc400000)
  from space 10752K, 99% used [0x00000000dc400000,0x00000000dce7d710,0x00000000dce80000)
  to   space 15872K, 0% used [0x00000000e1e80000,0x00000000e1e80000,0x00000000e2e00000)
 ParOldGen       total 51712K, used 14924K [0x0000000080000000, 0x0000000083280000, 0x00000000d5580000)
  object space 51712K, 28% used [0x0000000080000000,0x0000000080e93240,0x0000000083280000)
 Metaspace       used 33510K, capacity 35306K, committed 35416K, reserved 1079296K
  class space    used 4656K, capacity 5010K, committed 5120K, reserved 1048576K
Event: 6.962 GC heap after
Heap after GC invocations=9 (full 1):
 PSYoungGen      total 204288K, used 14232K [0x00000000d5580000, 0x00000000e3100000, 0x0000000100000000)
  eden space 188416K, 0% used [0x00000000d5580000,0x00000000d5580000,0x00000000e0d80000)
  from space 15872K, 89% used [0x00000000e1e80000,0x00000000e2c66210,0x00000000e2e00000)
  to   space 17408K, 0% used [0x00000000e0d80000,0x00000000e0d80000,0x00000000e1e80000)
 ParOldGen       total 51712K, used 14932K [0x0000000080000000, 0x0000000083280000, 0x00000000d5580000)
  object space 51712K, 28% used [0x0000000080000000,0x0000000080e95240,0x0000000083280000)
 Metaspace       used 33510K, capacity 35306K, committed 35416K, reserved 1079296K
  class space    used 4656K, capacity 5010K, committed 5120K, reserved 1048576K
}
Event: 6.962 GC heap before
{Heap before GC invocations=10 (full 2):
 PSYoungGen      total 204288K, used 14232K [0x00000000d5580000, 0x00000000e3100000, 0x0000000100000000)
  eden space 188416K, 0% used [0x00000000d5580000,0x00000000d5580000,0x00000000e0d80000)
  from space 15872K, 89% used [0x00000000e1e80000,0x00000000e2c66210,0x00000000e2e00000)
  to   space 17408K, 0% used [0x00000000e0d80000,0x00000000e0d80000,0x00000000e1e80000)
 ParOldGen       total 51712K, used 14932K [0x0000000080000000, 0x0000000083280000, 0x00000000d5580000)
  object space 51712K, 28% used [0x0000000080000000,0x0000000080e95240,0x0000000083280000)
 Metaspace       used 33510K, capacity 35306K, committed 35416K, reserved 1079296K
  class space    used 4656K, capacity 5010K, committed 5120K, reserved 1048576K
Event: 7.065 GC heap after
Heap after GC invocations=10 (full 2):
 PSYoungGen      total 204288K, used 0K [0x00000000d5580000, 0x00000000e3100000, 0x0000000100000000)
  eden space 188416K, 0% used [0x00000000d5580000,0x00000000d5580000,0x00000000e0d80000)
  from space 15872K, 0% used [0x00000000e1e80000,0x00000000e1e80000,0x00000000e2e00000)
  to   space 17408K, 0% used [0x00000000e0d80000,0x00000000e0d80000,0x00000000e1e80000)
 ParOldGen       total 88576K, used 23627K [0x0000000080000000, 0x0000000085680000, 0x00000000d5580000)
  object space 88576K, 26% used [0x0000000080000000,0x0000000081712c98,0x0000000085680000)
 Metaspace       used 33510K, capacity 35306K, committed 35416K, reserved 1079296K
  class space    used 4656K, capacity 5010K, committed 5120K, reserved 1048576K
}

